#! /usr/bin/vvp
:ivl_version "12.0 (stable)";
:ivl_delay_selection "TYPICAL";
:vpi_time_precision - 12;
:vpi_module "/usr/lib/x86_64-linux-gnu/ivl/system.vpi";
:vpi_module "/usr/lib/x86_64-linux-gnu/ivl/vhdl_sys.vpi";
:vpi_module "/usr/lib/x86_64-linux-gnu/ivl/vhdl_textio.vpi";
:vpi_module "/usr/lib/x86_64-linux-gnu/ivl/v2005_math.vpi";
:vpi_module "/usr/lib/x86_64-linux-gnu/ivl/va_math.vpi";
:vpi_module "/usr/lib/x86_64-linux-gnu/ivl/v2009.vpi";
S_0x5764da752490 .scope package, "$unit" "$unit" 2 1;
 .timescale 0 0;
S_0x5764da752620 .scope module, "tb_memory" "tb_memory" 3 3;
 .timescale -9 -12;
P_0x5764da7527b0 .param/l "CLK_PERIOD" 0 3 26, +C4<00000000000000000000000000001010>;
v0x5764da7afab0_0 .var "MemAddress", 31 0;
v0x5764da7afb90_0 .var "MemRead", 0 0;
v0x5764da7afc60_0 .var "MemWrite", 0 0;
v0x5764da7afd60_0 .net "ReadData", 31 0, v0x5764da7aed80_0;  1 drivers
v0x5764da7afe30_0 .var "WriteData", 31 0;
v0x5764da7aff20_0 .var "clk", 0 0;
S_0x5764da7906f0 .scope module, "UUT" "memory" 3 16, 4 1 0, S_0x5764da752620;
 .timescale -9 -12;
    .port_info 0 /INPUT 1 "clk";
    .port_info 1 /INPUT 1 "MemWrite";
    .port_info 2 /INPUT 1 "MemRead";
    .port_info 3 /INPUT 32 "MemAddress";
    .port_info 4 /INPUT 32 "WriteData";
    .port_info 5 /OUTPUT 32 "ReadData";
v0x5764da7aeaf0_0 .net "MemAddress", 31 0, v0x5764da7afab0_0;  1 drivers
v0x5764da7aebf0_0 .net "MemRead", 0 0, v0x5764da7afb90_0;  1 drivers
v0x5764da7aecb0_0 .net "MemWrite", 0 0, v0x5764da7afc60_0;  1 drivers
v0x5764da7aed80_0 .var "ReadData", 31 0;
v0x5764da7aee60_0 .net "WriteData", 31 0, v0x5764da7afe30_0;  1 drivers
v0x5764da7aef90_0 .net "clk", 0 0, v0x5764da7aff20_0;  1 drivers
v0x5764da7af050 .array "mem_array", 63 0, 31 0;
v0x5764da7af910_0 .net "word_index", 5 0, L_0x5764da7afff0;  1 drivers
E_0x5764da7924c0 .event posedge, v0x5764da7aef90_0;
v0x5764da7af050_0 .array/port v0x5764da7af050, 0;
v0x5764da7af050_1 .array/port v0x5764da7af050, 1;
E_0x5764da7929d0/0 .event anyedge, v0x5764da7aebf0_0, v0x5764da7af910_0, v0x5764da7af050_0, v0x5764da7af050_1;
v0x5764da7af050_2 .array/port v0x5764da7af050, 2;
v0x5764da7af050_3 .array/port v0x5764da7af050, 3;
v0x5764da7af050_4 .array/port v0x5764da7af050, 4;
v0x5764da7af050_5 .array/port v0x5764da7af050, 5;
E_0x5764da7929d0/1 .event anyedge, v0x5764da7af050_2, v0x5764da7af050_3, v0x5764da7af050_4, v0x5764da7af050_5;
v0x5764da7af050_6 .array/port v0x5764da7af050, 6;
v0x5764da7af050_7 .array/port v0x5764da7af050, 7;
v0x5764da7af050_8 .array/port v0x5764da7af050, 8;
v0x5764da7af050_9 .array/port v0x5764da7af050, 9;
E_0x5764da7929d0/2 .event anyedge, v0x5764da7af050_6, v0x5764da7af050_7, v0x5764da7af050_8, v0x5764da7af050_9;
v0x5764da7af050_10 .array/port v0x5764da7af050, 10;
v0x5764da7af050_11 .array/port v0x5764da7af050, 11;
v0x5764da7af050_12 .array/port v0x5764da7af050, 12;
v0x5764da7af050_13 .array/port v0x5764da7af050, 13;
E_0x5764da7929d0/3 .event anyedge, v0x5764da7af050_10, v0x5764da7af050_11, v0x5764da7af050_12, v0x5764da7af050_13;
v0x5764da7af050_14 .array/port v0x5764da7af050, 14;
v0x5764da7af050_15 .array/port v0x5764da7af050, 15;
v0x5764da7af050_16 .array/port v0x5764da7af050, 16;
v0x5764da7af050_17 .array/port v0x5764da7af050, 17;
E_0x5764da7929d0/4 .event anyedge, v0x5764da7af050_14, v0x5764da7af050_15, v0x5764da7af050_16, v0x5764da7af050_17;
v0x5764da7af050_18 .array/port v0x5764da7af050, 18;
v0x5764da7af050_19 .array/port v0x5764da7af050, 19;
v0x5764da7af050_20 .array/port v0x5764da7af050, 20;
v0x5764da7af050_21 .array/port v0x5764da7af050, 21;
E_0x5764da7929d0/5 .event anyedge, v0x5764da7af050_18, v0x5764da7af050_19, v0x5764da7af050_20, v0x5764da7af050_21;
v0x5764da7af050_22 .array/port v0x5764da7af050, 22;
v0x5764da7af050_23 .array/port v0x5764da7af050, 23;
v0x5764da7af050_24 .array/port v0x5764da7af050, 24;
v0x5764da7af050_25 .array/port v0x5764da7af050, 25;
E_0x5764da7929d0/6 .event anyedge, v0x5764da7af050_22, v0x5764da7af050_23, v0x5764da7af050_24, v0x5764da7af050_25;
v0x5764da7af050_26 .array/port v0x5764da7af050, 26;
v0x5764da7af050_27 .array/port v0x5764da7af050, 27;
v0x5764da7af050_28 .array/port v0x5764da7af050, 28;
v0x5764da7af050_29 .array/port v0x5764da7af050, 29;
E_0x5764da7929d0/7 .event anyedge, v0x5764da7af050_26, v0x5764da7af050_27, v0x5764da7af050_28, v0x5764da7af050_29;
v0x5764da7af050_30 .array/port v0x5764da7af050, 30;
v0x5764da7af050_31 .array/port v0x5764da7af050, 31;
v0x5764da7af050_32 .array/port v0x5764da7af050, 32;
v0x5764da7af050_33 .array/port v0x5764da7af050, 33;
E_0x5764da7929d0/8 .event anyedge, v0x5764da7af050_30, v0x5764da7af050_31, v0x5764da7af050_32, v0x5764da7af050_33;
v0x5764da7af050_34 .array/port v0x5764da7af050, 34;
v0x5764da7af050_35 .array/port v0x5764da7af050, 35;
v0x5764da7af050_36 .array/port v0x5764da7af050, 36;
v0x5764da7af050_37 .array/port v0x5764da7af050, 37;
E_0x5764da7929d0/9 .event anyedge, v0x5764da7af050_34, v0x5764da7af050_35, v0x5764da7af050_36, v0x5764da7af050_37;
v0x5764da7af050_38 .array/port v0x5764da7af050, 38;
v0x5764da7af050_39 .array/port v0x5764da7af050, 39;
v0x5764da7af050_40 .array/port v0x5764da7af050, 40;
v0x5764da7af050_41 .array/port v0x5764da7af050, 41;
E_0x5764da7929d0/10 .event anyedge, v0x5764da7af050_38, v0x5764da7af050_39, v0x5764da7af050_40, v0x5764da7af050_41;
v0x5764da7af050_42 .array/port v0x5764da7af050, 42;
v0x5764da7af050_43 .array/port v0x5764da7af050, 43;
v0x5764da7af050_44 .array/port v0x5764da7af050, 44;
v0x5764da7af050_45 .array/port v0x5764da7af050, 45;
E_0x5764da7929d0/11 .event anyedge, v0x5764da7af050_42, v0x5764da7af050_43, v0x5764da7af050_44, v0x5764da7af050_45;
v0x5764da7af050_46 .array/port v0x5764da7af050, 46;
v0x5764da7af050_47 .array/port v0x5764da7af050, 47;
v0x5764da7af050_48 .array/port v0x5764da7af050, 48;
v0x5764da7af050_49 .array/port v0x5764da7af050, 49;
E_0x5764da7929d0/12 .event anyedge, v0x5764da7af050_46, v0x5764da7af050_47, v0x5764da7af050_48, v0x5764da7af050_49;
v0x5764da7af050_50 .array/port v0x5764da7af050, 50;
v0x5764da7af050_51 .array/port v0x5764da7af050, 51;
v0x5764da7af050_52 .array/port v0x5764da7af050, 52;
v0x5764da7af050_53 .array/port v0x5764da7af050, 53;
E_0x5764da7929d0/13 .event anyedge, v0x5764da7af050_50, v0x5764da7af050_51, v0x5764da7af050_52, v0x5764da7af050_53;
v0x5764da7af050_54 .array/port v0x5764da7af050, 54;
v0x5764da7af050_55 .array/port v0x5764da7af050, 55;
v0x5764da7af050_56 .array/port v0x5764da7af050, 56;
v0x5764da7af050_57 .array/port v0x5764da7af050, 57;
E_0x5764da7929d0/14 .event anyedge, v0x5764da7af050_54, v0x5764da7af050_55, v0x5764da7af050_56, v0x5764da7af050_57;
v0x5764da7af050_58 .array/port v0x5764da7af050, 58;
v0x5764da7af050_59 .array/port v0x5764da7af050, 59;
v0x5764da7af050_60 .array/port v0x5764da7af050, 60;
v0x5764da7af050_61 .array/port v0x5764da7af050, 61;
E_0x5764da7929d0/15 .event anyedge, v0x5764da7af050_58, v0x5764da7af050_59, v0x5764da7af050_60, v0x5764da7af050_61;
v0x5764da7af050_62 .array/port v0x5764da7af050, 62;
v0x5764da7af050_63 .array/port v0x5764da7af050, 63;
E_0x5764da7929d0/16 .event anyedge, v0x5764da7af050_62, v0x5764da7af050_63;
E_0x5764da7929d0 .event/or E_0x5764da7929d0/0, E_0x5764da7929d0/1, E_0x5764da7929d0/2, E_0x5764da7929d0/3, E_0x5764da7929d0/4, E_0x5764da7929d0/5, E_0x5764da7929d0/6, E_0x5764da7929d0/7, E_0x5764da7929d0/8, E_0x5764da7929d0/9, E_0x5764da7929d0/10, E_0x5764da7929d0/11, E_0x5764da7929d0/12, E_0x5764da7929d0/13, E_0x5764da7929d0/14, E_0x5764da7929d0/15, E_0x5764da7929d0/16;
L_0x5764da7afff0 .part v0x5764da7afab0_0, 2, 6;
S_0x5764da7843d0 .scope begin, "$unm_blk_9" "$unm_blk_9" 4 33, 4 33 0, S_0x5764da7906f0;
 .timescale -9 -12;
v0x5764da7845b0_0 .var/i "i", 31 0;
    .scope S_0x5764da7906f0;
T_0 ;
    %wait E_0x5764da7929d0;
    %pushi/vec4 0, 0, 32;
    %store/vec4 v0x5764da7aed80_0, 0, 32;
    %load/vec4 v0x5764da7aebf0_0;
    %flag_set/vec4 8;
    %jmp/0xz  T_0.0, 8;
    %load/vec4 v0x5764da7af910_0;
    %pad/u 8;
    %ix/vec4 4;
    %load/vec4a v0x5764da7af050, 4;
    %store/vec4 v0x5764da7aed80_0, 0, 32;
T_0.0 ;
    %jmp T_0;
    .thread T_0, $push;
    .scope S_0x5764da7906f0;
T_1 ;
    %wait E_0x5764da7924c0;
    %load/vec4 v0x5764da7aecb0_0;
    %flag_set/vec4 8;
    %jmp/0xz  T_1.0, 8;
    %load/vec4 v0x5764da7aee60_0;
    %load/vec4 v0x5764da7af910_0;
    %pad/u 8;
    %ix/vec4 4;
    %store/vec4a v0x5764da7af050, 4, 0;
T_1.0 ;
    %jmp T_1;
    .thread T_1;
    .scope S_0x5764da7906f0;
T_2 ;
    %fork t_1, S_0x5764da7843d0;
    %jmp t_0;
    .scope S_0x5764da7843d0;
t_1 ;
    %pushi/vec4 0, 0, 32;
    %store/vec4 v0x5764da7845b0_0, 0, 32;
T_2.0 ;
    %load/vec4 v0x5764da7845b0_0;
    %cmpi/s 64, 0, 32;
    %jmp/0xz T_2.1, 5;
    %pushi/vec4 0, 0, 32;
    %ix/getv/s 4, v0x5764da7845b0_0;
    %store/vec4a v0x5764da7af050, 4, 0;
    %load/vec4 v0x5764da7845b0_0;
    %addi 1, 0, 32;
    %store/vec4 v0x5764da7845b0_0, 0, 32;
    %jmp T_2.0;
T_2.1 ;
    %end;
    .scope S_0x5764da7906f0;
t_0 %join;
    %end;
    .thread T_2;
    .scope S_0x5764da752620;
T_3 ;
    %pushi/vec4 0, 0, 1;
    %store/vec4 v0x5764da7aff20_0, 0, 1;
T_3.0 ;
    %delay 5000, 0;
    %load/vec4 v0x5764da7aff20_0;
    %inv;
    %store/vec4 v0x5764da7aff20_0, 0, 1;
    %jmp T_3.0;
    %end;
    .thread T_3;
    .scope S_0x5764da752620;
T_4 ;
    %pushi/vec4 0, 0, 1;
    %store/vec4 v0x5764da7afc60_0, 0, 1;
    %pushi/vec4 0, 0, 1;
    %store/vec4 v0x5764da7afb90_0, 0, 1;
    %pushi/vec4 0, 0, 32;
    %store/vec4 v0x5764da7afab0_0, 0, 32;
    %pushi/vec4 0, 0, 32;
    %store/vec4 v0x5764da7afe30_0, 0, 32;
    %vpi_call/w 3 40 "$display", "--- Iniciando Teste da Memoria ---" {0 0 0};
    %delay 5000, 0;
    %pushi/vec4 0, 0, 32;
    %store/vec4 v0x5764da7afab0_0, 0, 32;
    %pushi/vec4 1, 0, 1;
    %store/vec4 v0x5764da7afb90_0, 0, 1;
    %delay 10000, 0;
    %vpi_call/w 3 49 "$display", "Tempo %0t: ReadData (Addr 0x00): %h", $time, v0x5764da7afd60_0 {0 0 0};
    %pushi/vec4 0, 0, 1;
    %store/vec4 v0x5764da7afb90_0, 0, 1;
    %vpi_call/w 3 53 "$display", "Tentando escrever o dado 0xDEADBEEF no endereco 0x40..." {0 0 0};
    %pushi/vec4 64, 0, 32;
    %store/vec4 v0x5764da7afab0_0, 0, 32;
    %pushi/vec4 3735928559, 0, 32;
    %store/vec4 v0x5764da7afe30_0, 0, 32;
    %pushi/vec4 1, 0, 1;
    %store/vec4 v0x5764da7afc60_0, 0, 1;
    %delay 10000, 0;
    %vpi_call/w 3 60 "$display", "Tempo %0t: Escrita concluida.", $time {0 0 0};
    %pushi/vec4 0, 0, 1;
    %store/vec4 v0x5764da7afc60_0, 0, 1;
    %vpi_call/w 3 64 "$display", "Tentando ler o dado do endereco 0x40..." {0 0 0};
    %pushi/vec4 1, 0, 1;
    %store/vec4 v0x5764da7afb90_0, 0, 1;
    %delay 5000, 0;
    %vpi_call/w 3 70 "$display", "Tempo %0t: ReadData (Addr 0x40): %h", $time, v0x5764da7afd60_0 {0 0 0};
    %load/vec4 v0x5764da7afd60_0;
    %cmpi/e 3735928559, 0, 32;
    %jmp/0xz  T_4.0, 6;
    %vpi_call/w 3 73 "$display", "SUCESSO: Escrita e Leitura de dados confirmada." {0 0 0};
    %jmp T_4.1;
T_4.0 ;
    %vpi_call/w 3 75 "$display", "FALHA: Dado lido (%h) nao corresponde ao esperado (DEADBEEF).", v0x5764da7afd60_0 {0 0 0};
T_4.1 ;
    %pushi/vec4 0, 0, 1;
    %store/vec4 v0x5764da7afb90_0, 0, 1;
    %vpi_call/w 3 81 "$finish" {0 0 0};
    %end;
    .thread T_4;
# The file index is used to find the file name in the following table.
:file_names 5;
    "N/A";
    "<interactive>";
    "-";
    "./tb_memory.v";
    "./src/memoria.v";
